This file contains any messages produced by compilers while
running configure, to aid debugging if configure makes a mistake.

It was created by muhafiz configure 0.1.1, which was
generated by GNU Autoconf 2.66.  Invocation command line was

  $ /home/aydin/muhafiz/configure --enable-maintainer-mode --enable-maintainer-mode CFLAGS=-g -O0 CXXFLAGS=-g -O0 JFLAGS=-g -O0 FFLAGS=-g -O0

## --------- ##
## Platform. ##
## --------- ##

hostname = localhost.localdomain
uname -m = i686
uname -r = 2.6.35.6-48.fc14.i686
uname -s = Linux
uname -v = #1 SMP Fri Oct 22 15:34:36 UTC 2010

/usr/bin/uname -p = unknown
/bin/uname -X     = unknown

/bin/arch              = i686
/usr/bin/arch -k       = unknown
/usr/convex/getsysinfo = unknown
/usr/bin/hostinfo      = unknown
/bin/machine           = unknown
/usr/bin/oslevel       = unknown
/bin/universe          = unknown

PATH: /usr/local/bin
PATH: /usr/bin
PATH: /bin
PATH: /usr/local/sbin
PATH: /usr/sbin
PATH: /sbin
PATH: /home/aydin/bin


## ----------- ##
## Core tests. ##
## ----------- ##

configure:2286: checking for a BSD-compatible install
configure:2354: result: /usr/bin/install -c
configure:2365: checking whether build environment is sane
configure:2415: result: yes
configure:2556: checking for a thread-safe mkdir -p
configure:2595: result: /bin/mkdir -p
configure:2608: checking for gawk
configure:2624: found /usr/bin/gawk
configure:2635: result: gawk
configure:2646: checking whether make sets $(MAKE)
configure:2668: result: yes
configure:2751: checking whether to enable maintainer-specific portions of Makefiles
configure:2760: result: yes
configure:2822: checking for gcc
configure:2838: found /usr/bin/gcc
configure:2849: result: gcc
configure:3078: checking for C compiler version
configure:3087: gcc --version >&5
gcc (GCC) 4.5.1 20100924 (Red Hat 4.5.1-4)
Copyright (C) 2010 Free Software Foundation, Inc.
This is free software; see the source for copying conditions.  There is NO
warranty; not even for MERCHANTABILITY or FITNESS FOR A PARTICULAR PURPOSE.

configure:3098: $? = 0
configure:3087: gcc -v >&5
Using built-in specs.
COLLECT_GCC=gcc
COLLECT_LTO_WRAPPER=/usr/libexec/gcc/i686-redhat-linux/4.5.1/lto-wrapper
Target: i686-redhat-linux
Configured with: ../configure --prefix=/usr --mandir=/usr/share/man --infodir=/usr/share/info --with-bugurl=http://bugzilla.redhat.com/bugzilla --enable-bootstrap --enable-shared --enable-threads=posix --enable-checking=release --with-system-zlib --enable-__cxa_atexit --disable-libunwind-exceptions --enable-gnu-unique-object --enable-linker-build-id --enable-languages=c,c++,objc,obj-c++,java,fortran,ada,lto --enable-plugin --enable-java-awt=gtk --disable-dssi --with-java-home=/usr/lib/jvm/java-1.5.0-gcj-1.5.0.0/jre --enable-libgcj-multifile --enable-java-maintainer-mode --with-ecj-jar=/usr/share/java/eclipse-ecj.jar --disable-libjava-multilib --with-ppl --with-cloog --with-tune=generic --with-arch=i686 --build=i686-redhat-linux
Thread model: posix
gcc version 4.5.1 20100924 (Red Hat 4.5.1-4) (GCC) 
configure:3098: $? = 0
configure:3087: gcc -V >&5
gcc: '-V' option must have argument
configure:3098: $? = 1
configure:3087: gcc -qversion >&5
gcc: unrecognized option '-qversion'
gcc: no input files
configure:3098: $? = 1
configure:3118: checking whether the C compiler works
configure:3140: gcc -g -O0   conftest.c  >&5
configure:3144: $? = 0
configure:3192: result: yes
configure:3195: checking for C compiler default output file name
configure:3197: result: a.out
configure:3203: checking for suffix of executables
configure:3210: gcc -o conftest -g -O0   conftest.c  >&5
configure:3214: $? = 0
configure:3236: result: 
configure:3258: checking whether we are cross compiling
configure:3266: gcc -o conftest -g -O0   conftest.c  >&5
configure:3270: $? = 0
configure:3277: ./conftest
configure:3281: $? = 0
configure:3296: result: no
configure:3301: checking for suffix of object files
configure:3323: gcc -c -g -O0  conftest.c >&5
configure:3327: $? = 0
configure:3348: result: o
configure:3352: checking whether we are using the GNU C compiler
configure:3371: gcc -c -g -O0  conftest.c >&5
configure:3371: $? = 0
configure:3380: result: yes
configure:3389: checking whether gcc accepts -g
configure:3409: gcc -c -g  conftest.c >&5
configure:3409: $? = 0
configure:3450: result: yes
configure:3467: checking for gcc option to accept ISO C89
configure:3531: gcc  -c -g -O0  conftest.c >&5
configure:3531: $? = 0
configure:3544: result: none needed
configure:3575: checking for style of include used by make
configure:3603: result: GNU
configure:3628: checking dependency style of gcc
configure:3738: result: gcc3
configure:3770: checking how to run the C preprocessor
configure:3801: gcc -E  conftest.c
configure:3801: $? = 0
configure:3815: gcc -E  conftest.c
conftest.c:12:28: fatal error: ac_nonexistent.h: No such file or directory
compilation terminated.
configure:3815: $? = 1
configure: failed program was:
| /* confdefs.h */
| #define PACKAGE_NAME "muhafiz"
| #define PACKAGE_TARNAME "muhafiz"
| #define PACKAGE_VERSION "0.1.1"
| #define PACKAGE_STRING "muhafiz 0.1.1"
| #define PACKAGE_BUGREPORT ""
| #define PACKAGE_URL ""
| #define PACKAGE "muhafiz"
| #define VERSION "0.1.1"
| #define GETTEXT_PACKAGE "muhafiz"
| /* end confdefs.h.  */
| #include <ac_nonexistent.h>
configure:3840: result: gcc -E
configure:3860: gcc -E  conftest.c
configure:3860: $? = 0
configure:3874: gcc -E  conftest.c
conftest.c:12:28: fatal error: ac_nonexistent.h: No such file or directory
compilation terminated.
configure:3874: $? = 1
configure: failed program was:
| /* confdefs.h */
| #define PACKAGE_NAME "muhafiz"
| #define PACKAGE_TARNAME "muhafiz"
| #define PACKAGE_VERSION "0.1.1"
| #define PACKAGE_STRING "muhafiz 0.1.1"
| #define PACKAGE_BUGREPORT ""
| #define PACKAGE_URL ""
| #define PACKAGE "muhafiz"
| #define VERSION "0.1.1"
| #define GETTEXT_PACKAGE "muhafiz"
| /* end confdefs.h.  */
| #include <ac_nonexistent.h>
configure:3903: checking for grep that handles long lines and -e
configure:3961: result: /bin/grep
configure:3966: checking for egrep
configure:4028: result: /bin/grep -E
configure:4033: checking for ANSI C header files
configure:4053: gcc -c -g -O0  conftest.c >&5
configure:4053: $? = 0
configure:4126: gcc -o conftest -g -O0   conftest.c  >&5
configure:4126: $? = 0
configure:4126: ./conftest
configure:4126: $? = 0
configure:4137: result: yes
configure:4150: checking for sys/types.h
configure:4150: gcc -c -g -O0  conftest.c >&5
configure:4150: $? = 0
configure:4150: result: yes
configure:4150: checking for sys/stat.h
configure:4150: gcc -c -g -O0  conftest.c >&5
configure:4150: $? = 0
configure:4150: result: yes
configure:4150: checking for stdlib.h
configure:4150: gcc -c -g -O0  conftest.c >&5
configure:4150: $? = 0
configure:4150: result: yes
configure:4150: checking for string.h
configure:4150: gcc -c -g -O0  conftest.c >&5
configure:4150: $? = 0
configure:4150: result: yes
configure:4150: checking for memory.h
configure:4150: gcc -c -g -O0  conftest.c >&5
configure:4150: $? = 0
configure:4150: result: yes
configure:4150: checking for strings.h
configure:4150: gcc -c -g -O0  conftest.c >&5
configure:4150: $? = 0
configure:4150: result: yes
configure:4150: checking for inttypes.h
configure:4150: gcc -c -g -O0  conftest.c >&5
configure:4150: $? = 0
configure:4150: result: yes
configure:4150: checking for stdint.h
configure:4150: gcc -c -g -O0  conftest.c >&5
configure:4150: $? = 0
configure:4150: result: yes
configure:4150: checking for unistd.h
configure:4150: gcc -c -g -O0  conftest.c >&5
configure:4150: $? = 0
configure:4150: result: yes
configure:4165: checking locale.h usability
configure:4165: gcc -c -g -O0  conftest.c >&5
configure:4165: $? = 0
configure:4165: result: yes
configure:4165: checking locale.h presence
configure:4165: gcc -E  conftest.c
configure:4165: $? = 0
configure:4165: result: yes
configure:4165: checking for locale.h
configure:4165: result: yes
configure:4176: checking for LC_MESSAGES
configure:4192: gcc -o conftest -g -O0   conftest.c  >&5
configure:4192: $? = 0
configure:4200: result: yes
configure:4217: checking libintl.h usability
configure:4217: gcc -c -g -O0  conftest.c >&5
configure:4217: $? = 0
configure:4217: result: yes
configure:4217: checking libintl.h presence
configure:4217: gcc -E  conftest.c
configure:4217: $? = 0
configure:4217: result: yes
configure:4217: checking for libintl.h
configure:4217: result: yes
configure:4225: checking for ngettext in libc
configure:4243: gcc -o conftest -g -O0   conftest.c  >&5
configure:4243: $? = 0
configure:4252: result: yes
configure:4256: checking for dgettext in libc
configure:4274: gcc -o conftest -g -O0   conftest.c  >&5
configure:4274: $? = 0
configure:4283: result: yes
configure:4290: checking for bind_textdomain_codeset
configure:4290: gcc -o conftest -g -O0   conftest.c  >&5
configure:4290: $? = 0
configure:4290: result: yes
configure:4566: checking for msgfmt
configure:4593: result: /usr/bin/msgfmt
configure:4604: checking for dcgettext
configure:4604: gcc -o conftest -g -O0   conftest.c   >&5
conftest.c:49:6: warning: conflicting types for built-in function 'dcgettext'
configure:4604: $? = 0
configure:4604: result: yes
configure:4614: checking if msgfmt accepts -c
configure:4629: $MSGFMT -c -o /dev/null conftest.foo
configure:4632: $? = 0
configure:4634: result: yes
configure:4644: checking for gmsgfmt
configure:4675: result: /usr/bin/msgfmt
configure:4685: checking for xgettext
configure:4712: result: /usr/bin/xgettext
configure:4731: gcc -o conftest -g -O0   conftest.c   >&5
configure:4731: $? = 0
configure:4867: checking whether NLS is requested
configure:4876: result: yes
configure:4891: checking for intltool >= 0.35.0
configure:4898: result: 0.41.1 found
configure:4906: checking for intltool-update
configure:4924: found /usr/bin/intltool-update
configure:4936: result: /usr/bin/intltool-update
configure:4946: checking for intltool-merge
configure:4964: found /usr/bin/intltool-merge
configure:4976: result: /usr/bin/intltool-merge
configure:4986: checking for intltool-extract
configure:5004: found /usr/bin/intltool-extract
configure:5016: result: /usr/bin/intltool-extract
configure:5147: checking for xgettext
configure:5177: result: /usr/bin/xgettext
configure:5187: checking for msgmerge
configure:5205: found /usr/bin/msgmerge
configure:5217: result: /usr/bin/msgmerge
configure:5227: checking for msgfmt
configure:5257: result: /usr/bin/msgfmt
configure:5267: checking for gmsgfmt
configure:5298: result: /usr/bin/msgfmt
configure:5318: checking for perl
configure:5336: found /usr/bin/perl
configure:5348: result: /usr/bin/perl
configure:5359: checking for perl >= 5.8.1
configure:5366: result: 5.12.2
configure:5370: checking for XML::Parser
configure:5373: result: ok
configure:5456: checking build system type
configure:5470: result: i686-pc-linux-gnu
configure:5490: checking host system type
configure:5503: result: i686-pc-linux-gnu
configure:5544: checking how to print strings
configure:5571: result: printf
configure:5592: checking for a sed that does not truncate output
configure:5656: result: /bin/sed
configure:5674: checking for fgrep
configure:5736: result: /bin/grep -F
configure:5771: checking for ld used by gcc
configure:5838: result: /usr/bin/ld
configure:5845: checking if the linker (/usr/bin/ld) is GNU ld
configure:5860: result: yes
configure:5872: checking for BSD- or MS-compatible name lister (nm)
configure:5921: result: /usr/bin/nm -B
configure:6051: checking the name lister (/usr/bin/nm -B) interface
configure:6058: gcc -c -g -O0  conftest.c >&5
configure:6061: /usr/bin/nm -B "conftest.o"
configure:6064: output
00000000 B some_variable
configure:6071: result: BSD nm
configure:6074: checking whether ln -s works
configure:6078: result: yes
configure:6086: checking the maximum length of command line arguments
configure:6211: result: 1572864
configure:6228: checking whether the shell understands some XSI constructs
configure:6238: result: yes
configure:6242: checking whether the shell understands "+="
configure:6248: result: yes
configure:6283: checking for /usr/bin/ld option to reload object files
configure:6290: result: -r
configure:6359: checking for objdump
configure:6375: found /usr/bin/objdump
configure:6386: result: objdump
configure:6418: checking how to recognize dependent libraries
configure:6620: result: pass_all
configure:6680: checking for ar
configure:6696: found /usr/bin/ar
configure:6707: result: ar
configure:6785: checking for strip
configure:6801: found /usr/bin/strip
configure:6812: result: strip
configure:6884: checking for ranlib
configure:6900: found /usr/bin/ranlib
configure:6911: result: ranlib
configure:7013: checking command to parse /usr/bin/nm -B output from gcc object
configure:7131: gcc -c -g -O0  conftest.c >&5
configure:7134: $? = 0
configure:7138: /usr/bin/nm -B conftest.o \| sed -n -e 's/^.*[ ]\([ABCDGIRSTW][ABCDGIRSTW]*\)[ ][ ]*\([_A-Za-z][_A-Za-z0-9]*\)$/\1 \2 \2/p' \> conftest.nm
configure:7141: $? = 0
configure:7195: gcc -o conftest -g -O0   conftest.c conftstm.o >&5
configure:7198: $? = 0
configure:7236: result: ok
configure:8073: checking for dlfcn.h
configure:8073: gcc -c -g -O0  conftest.c >&5
configure:8073: $? = 0
configure:8073: result: yes
configure:8260: checking for objdir
configure:8275: result: .libs
configure:8542: checking if gcc supports -fno-rtti -fno-exceptions
configure:8560: gcc -c -g -O0  -fno-rtti -fno-exceptions conftest.c >&5
cc1: warning: command line option "-fno-rtti" is valid for C++/ObjC++ but not for C
configure:8564: $? = 0
configure:8577: result: no
configure:8597: checking for gcc option to produce PIC
configure:8882: result: -fPIC -DPIC
configure:8894: checking if gcc PIC flag -fPIC -DPIC works
configure:8912: gcc -c -g -O0  -fPIC -DPIC -DPIC conftest.c >&5
configure:8916: $? = 0
configure:8929: result: yes
configure:8953: checking if gcc static flag -static works
configure:8981: result: no
configure:8996: checking if gcc supports -c -o file.o
configure:9017: gcc -c -g -O0  -o out/conftest2.o conftest.c >&5
configure:9021: $? = 0
configure:9043: result: yes
configure:9051: checking if gcc supports -c -o file.o
configure:9098: result: yes
configure:9131: checking whether the gcc linker (/usr/bin/ld) supports shared libraries
configure:10206: result: yes
configure:10243: checking whether -lc should be explicitly linked in
configure:10251: gcc -c -g -O0  conftest.c >&5
configure:10254: $? = 0
configure:10269: gcc -shared conftest.o  -v -Wl,-soname -Wl,conftest -o conftest 2\>\&1 \| /bin/grep  -lc  \>/dev/null 2\>\&1
configure:10272: $? = 0
configure:10286: result: no
configure:10451: checking dynamic linker characteristics
configure:10906: gcc -o conftest -g -O0   -Wl,-rpath -Wl,/foo conftest.c  >&5
configure:10906: $? = 0
configure:11132: result: GNU/Linux ld.so
configure:11239: checking how to hardcode library paths into programs
configure:11264: result: immediate
configure:11804: checking whether stripping libraries is possible
configure:11809: result: yes
configure:11844: checking if libtool supports shared libraries
configure:11846: result: yes
configure:11849: checking whether to build shared libraries
configure:11870: result: yes
configure:11873: checking whether to build static libraries
configure:11877: result: yes
configure:11968: checking for pkg-config
configure:11986: found /usr/bin/pkg-config
configure:11998: result: /usr/bin/pkg-config
configure:12023: checking pkg-config is at least version 0.9.0
configure:12026: result: yes
configure:12036: checking for MUHAFIZ
configure:12043: $PKG_CONFIG --exists --print-errors "gtk+-2.0 >= 2.12 "
configure:12046: $? = 0
configure:12059: $PKG_CONFIG --exists --print-errors "gtk+-2.0 >= 2.12 "
configure:12062: $? = 0
configure:12121: result: yes
configure:12258: creating ./config.status

## ---------------------- ##
## Running config.status. ##
## ---------------------- ##

This file was extended by muhafiz config.status 0.1.1, which was
generated by GNU Autoconf 2.66.  Invocation command line was

  CONFIG_FILES    = 
  CONFIG_HEADERS  = 
  CONFIG_LINKS    = 
  CONFIG_COMMANDS = 
  $ ./config.status 

on localhost.localdomain

config.status:1148: creating Makefile
config.status:1148: creating src/Makefile
config.status:1148: creating po/Makefile.in
config.status:1148: creating config.h
config.status:1361: executing depfiles commands
config.status:1361: executing default-1 commands
config.status:1361: executing libtool commands
config.status:1361: executing po/stamp-it commands

## ---------------- ##
## Cache variables. ##
## ---------------- ##

ac_cv_build=i686-pc-linux-gnu
ac_cv_c_compiler_gnu=yes
ac_cv_env_CC_set=
ac_cv_env_CC_value=
ac_cv_env_CFLAGS_set=set
ac_cv_env_CFLAGS_value='-g -O0'
ac_cv_env_CPPFLAGS_set=
ac_cv_env_CPPFLAGS_value=
ac_cv_env_CPP_set=
ac_cv_env_CPP_value=
ac_cv_env_LDFLAGS_set=
ac_cv_env_LDFLAGS_value=
ac_cv_env_LIBS_set=
ac_cv_env_LIBS_value=
ac_cv_env_MUHAFIZ_CFLAGS_set=
ac_cv_env_MUHAFIZ_CFLAGS_value=
ac_cv_env_MUHAFIZ_LIBS_set=
ac_cv_env_MUHAFIZ_LIBS_value=
ac_cv_env_PKG_CONFIG_LIBDIR_set=
ac_cv_env_PKG_CONFIG_LIBDIR_value=
ac_cv_env_PKG_CONFIG_PATH_set=
ac_cv_env_PKG_CONFIG_PATH_value=
ac_cv_env_PKG_CONFIG_set=
ac_cv_env_PKG_CONFIG_value=
ac_cv_env_build_alias_set=
ac_cv_env_build_alias_value=
ac_cv_env_host_alias_set=
ac_cv_env_host_alias_value=
ac_cv_env_target_alias_set=
ac_cv_env_target_alias_value=
ac_cv_func_bind_textdomain_codeset=yes
ac_cv_func_dcgettext=yes
ac_cv_header_dlfcn_h=yes
ac_cv_header_inttypes_h=yes
ac_cv_header_libintl_h=yes
ac_cv_header_locale_h=yes
ac_cv_header_memory_h=yes
ac_cv_header_stdc=yes
ac_cv_header_stdint_h=yes
ac_cv_header_stdlib_h=yes
ac_cv_header_string_h=yes
ac_cv_header_strings_h=yes
ac_cv_header_sys_stat_h=yes
ac_cv_header_sys_types_h=yes
ac_cv_header_unistd_h=yes
ac_cv_host=i686-pc-linux-gnu
ac_cv_objext=o
ac_cv_path_EGREP='/bin/grep -E'
ac_cv_path_FGREP='/bin/grep -F'
ac_cv_path_GMSGFMT=/usr/bin/msgfmt
ac_cv_path_GREP=/bin/grep
ac_cv_path_INTLTOOL_EXTRACT=/usr/bin/intltool-extract
ac_cv_path_INTLTOOL_MERGE=/usr/bin/intltool-merge
ac_cv_path_INTLTOOL_PERL=/usr/bin/perl
ac_cv_path_INTLTOOL_UPDATE=/usr/bin/intltool-update
ac_cv_path_MSGFMT=/usr/bin/msgfmt
ac_cv_path_MSGMERGE=/usr/bin/msgmerge
ac_cv_path_SED=/bin/sed
ac_cv_path_XGETTEXT=/usr/bin/xgettext
ac_cv_path_ac_pt_PKG_CONFIG=/usr/bin/pkg-config
ac_cv_path_install='/usr/bin/install -c'
ac_cv_path_mkdir=/bin/mkdir
ac_cv_prog_AWK=gawk
ac_cv_prog_CPP='gcc -E'
ac_cv_prog_ac_ct_AR=ar
ac_cv_prog_ac_ct_CC=gcc
ac_cv_prog_ac_ct_OBJDUMP=objdump
ac_cv_prog_ac_ct_RANLIB=ranlib
ac_cv_prog_ac_ct_STRIP=strip
ac_cv_prog_cc_c89=
ac_cv_prog_cc_g=yes
ac_cv_prog_make_make_set=yes
am_cv_CC_dependencies_compiler_type=gcc3
am_cv_val_LC_MESSAGES=yes
gt_cv_func_dgettext_libc=yes
gt_cv_func_dgettext_libintl=no
gt_cv_func_ngettext_libc=yes
gt_cv_have_gettext=yes
lt_cv_archive_cmds_need_lc=no
lt_cv_deplibs_check_method=pass_all
lt_cv_file_magic_cmd='$MAGIC_CMD'
lt_cv_file_magic_test_file=
lt_cv_ld_reload_flag=-r
lt_cv_nm_interface='BSD nm'
lt_cv_objdir=.libs
lt_cv_path_LD=/usr/bin/ld
lt_cv_path_NM='/usr/bin/nm -B'
lt_cv_prog_compiler_c_o=yes
lt_cv_prog_compiler_pic_works=yes
lt_cv_prog_compiler_rtti_exceptions=no
lt_cv_prog_compiler_static_works=no
lt_cv_prog_gnu_ld=yes
lt_cv_shlibpath_overrides_runpath=no
lt_cv_sys_global_symbol_pipe='sed -n -e '\''s/^.*[	 ]\([ABCDGIRSTW][ABCDGIRSTW]*\)[	 ][	 ]*\([_A-Za-z][_A-Za-z0-9]*\)$/\1 \2 \2/p'\'''
lt_cv_sys_global_symbol_to_c_name_address='sed -n -e '\''s/^: \([^ ]*\) $/  {\"\1\", (void *) 0},/p'\'' -e '\''s/^[ABCDGIRSTW]* \([^ ]*\) \([^ ]*\)$/  {"\2", (void *) \&\2},/p'\'''
lt_cv_sys_global_symbol_to_c_name_address_lib_prefix='sed -n -e '\''s/^: \([^ ]*\) $/  {\"\1\", (void *) 0},/p'\'' -e '\''s/^[ABCDGIRSTW]* \([^ ]*\) \(lib[^ ]*\)$/  {"\2", (void *) \&\2},/p'\'' -e '\''s/^[ABCDGIRSTW]* \([^ ]*\) \([^ ]*\)$/  {"lib\2", (void *) \&\2},/p'\'''
lt_cv_sys_global_symbol_to_cdecl='sed -n -e '\''s/^T .* \(.*\)$/extern int \1();/p'\'' -e '\''s/^[ABCDGIRSTW]* .* \(.*\)$/extern char \1;/p'\'''
lt_cv_sys_max_cmd_len=1572864
pkg_cv_MUHAFIZ_CFLAGS='-pthread -I/usr/include/gtk-2.0 -I/usr/lib/gtk-2.0/include -I/usr/include/atk-1.0 -I/usr/include/cairo -I/usr/include/gdk-pixbuf-2.0 -I/usr/include/pango-1.0 -I/usr/include/glib-2.0 -I/usr/lib/glib-2.0/include -I/usr/include/pixman-1 -I/usr/include/freetype2 -I/usr/include/libpng12  '
pkg_cv_MUHAFIZ_LIBS='-pthread -lgtk-x11-2.0 -lgdk-x11-2.0 -latk-1.0 -lgio-2.0 -lpangoft2-1.0 -lpangocairo-1.0 -lgdk_pixbuf-2.0 -lm -lcairo -lpng12 -lpango-1.0 -lfreetype -lfontconfig -lgobject-2.0 -lgmodule-2.0 -lgthread-2.0 -lrt -lglib-2.0  '

## ----------------- ##
## Output variables. ##
## ----------------- ##

ACLOCAL='${SHELL} /home/aydin/muhafiz/missing --run aclocal-1.11'
ALL_LINGUAS=''
AMDEPBACKSLASH='\'
AMDEP_FALSE='#'
AMDEP_TRUE=''
AMTAR='${SHELL} /home/aydin/muhafiz/missing --run tar'
AM_BACKSLASH='\'
AM_DEFAULT_VERBOSITY='0'
AR='ar'
AUTOCONF='${SHELL} /home/aydin/muhafiz/missing --run autoconf'
AUTOHEADER='${SHELL} /home/aydin/muhafiz/missing --run autoheader'
AUTOMAKE='${SHELL} /home/aydin/muhafiz/missing --run automake-1.11'
AWK='gawk'
CATALOGS=''
CATOBJEXT='.gmo'
CC='gcc'
CCDEPMODE='depmode=gcc3'
CFLAGS='-g -O0'
CPP='gcc -E'
CPPFLAGS=''
CYGPATH_W='echo'
DATADIRNAME='share'
DEFS='-DHAVE_CONFIG_H'
DEPDIR='.deps'
DSYMUTIL=''
DUMPBIN=''
ECHO_C=''
ECHO_N='-n'
ECHO_T=''
EGREP='/bin/grep -E'
EXEEXT=''
FGREP='/bin/grep -F'
GETTEXT_PACKAGE='muhafiz'
GMOFILES=''
GMSGFMT='/usr/bin/msgfmt'
GREP='/bin/grep'
INSTALL_DATA='${INSTALL} -m 644'
INSTALL_PROGRAM='${INSTALL}'
INSTALL_SCRIPT='${INSTALL}'
INSTALL_STRIP_PROGRAM='$(install_sh) -c -s'
INSTOBJEXT='.mo'
INTLLIBS=''
INTLTOOL_CAVES_RULE='%.caves:     %.caves.in     $(INTLTOOL_MERGE) $(wildcard $(top_srcdir)/po/*.po) ; LC_ALL=C $(INTLTOOL_MERGE) -d -u -c $(top_builddir)/po/.intltool-merge-cache $(top_srcdir)/po $< $@'
INTLTOOL_DESKTOP_RULE='%.desktop:   %.desktop.in   $(INTLTOOL_MERGE) $(wildcard $(top_srcdir)/po/*.po) ; LC_ALL=C $(INTLTOOL_MERGE) -d -u -c $(top_builddir)/po/.intltool-merge-cache $(top_srcdir)/po $< $@'
INTLTOOL_DIRECTORY_RULE='%.directory: %.directory.in $(INTLTOOL_MERGE) $(wildcard $(top_srcdir)/po/*.po) ; LC_ALL=C $(INTLTOOL_MERGE) -d -u -c $(top_builddir)/po/.intltool-merge-cache $(top_srcdir)/po $< $@'
INTLTOOL_EXTRACT='/usr/bin/intltool-extract'
INTLTOOL_KBD_RULE='%.kbd:       %.kbd.in       $(INTLTOOL_MERGE) $(wildcard $(top_srcdir)/po/*.po) ; LC_ALL=C $(INTLTOOL_MERGE) -x -u -m -c $(top_builddir)/po/.intltool-merge-cache $(top_srcdir)/po $< $@'
INTLTOOL_KEYS_RULE='%.keys:      %.keys.in      $(INTLTOOL_MERGE) $(wildcard $(top_srcdir)/po/*.po) ; LC_ALL=C $(INTLTOOL_MERGE) -k -u -c $(top_builddir)/po/.intltool-merge-cache $(top_srcdir)/po $< $@'
INTLTOOL_MERGE='/usr/bin/intltool-merge'
INTLTOOL_OAF_RULE='%.oaf:       %.oaf.in       $(INTLTOOL_MERGE) $(wildcard $(top_srcdir)/po/*.po) ; LC_ALL=C $(INTLTOOL_MERGE) -o -p $(top_srcdir)/po $< $@'
INTLTOOL_PERL='/usr/bin/perl'
INTLTOOL_POLICY_RULE='%.policy:    %.policy.in    $(INTLTOOL_MERGE) $(wildcard $(top_srcdir)/po/*.po) ; LC_ALL=C $(INTLTOOL_MERGE) -x -u -c $(top_builddir)/po/.intltool-merge-cache $(top_srcdir)/po $< $@'
INTLTOOL_PONG_RULE='%.pong:      %.pong.in      $(INTLTOOL_MERGE) $(wildcard $(top_srcdir)/po/*.po) ; LC_ALL=C $(INTLTOOL_MERGE) -x -u -c $(top_builddir)/po/.intltool-merge-cache $(top_srcdir)/po $< $@'
INTLTOOL_PROP_RULE='%.prop:      %.prop.in      $(INTLTOOL_MERGE) $(wildcard $(top_srcdir)/po/*.po) ; LC_ALL=C $(INTLTOOL_MERGE) -d -u -c $(top_builddir)/po/.intltool-merge-cache $(top_srcdir)/po $< $@'
INTLTOOL_SCHEMAS_RULE='%.schemas:   %.schemas.in   $(INTLTOOL_MERGE) $(wildcard $(top_srcdir)/po/*.po) ; LC_ALL=C $(INTLTOOL_MERGE) -s -u -c $(top_builddir)/po/.intltool-merge-cache $(top_srcdir)/po $< $@'
INTLTOOL_SERVER_RULE='%.server:    %.server.in    $(INTLTOOL_MERGE) $(wildcard $(top_srcdir)/po/*.po) ; LC_ALL=C $(INTLTOOL_MERGE) -o -u -c $(top_builddir)/po/.intltool-merge-cache $(top_srcdir)/po $< $@'
INTLTOOL_SERVICE_RULE='%.service: %.service.in   $(INTLTOOL_MERGE) $(wildcard $(top_srcdir)/po/*.po) ; LC_ALL=C $(INTLTOOL_MERGE) -d -u -c $(top_builddir)/po/.intltool-merge-cache $(top_srcdir)/po $< $@'
INTLTOOL_SHEET_RULE='%.sheet:     %.sheet.in     $(INTLTOOL_MERGE) $(wildcard $(top_srcdir)/po/*.po) ; LC_ALL=C $(INTLTOOL_MERGE) -x -u -c $(top_builddir)/po/.intltool-merge-cache $(top_srcdir)/po $< $@'
INTLTOOL_SOUNDLIST_RULE='%.soundlist: %.soundlist.in $(INTLTOOL_MERGE) $(wildcard $(top_srcdir)/po/*.po) ; LC_ALL=C $(INTLTOOL_MERGE) -d -u -c $(top_builddir)/po/.intltool-merge-cache $(top_srcdir)/po $< $@'
INTLTOOL_THEME_RULE='%.theme:     %.theme.in     $(INTLTOOL_MERGE) $(wildcard $(top_srcdir)/po/*.po) ; LC_ALL=C $(INTLTOOL_MERGE) -d -u -c $(top_builddir)/po/.intltool-merge-cache $(top_srcdir)/po $< $@'
INTLTOOL_UI_RULE='%.ui:        %.ui.in        $(INTLTOOL_MERGE) $(wildcard $(top_srcdir)/po/*.po) ; LC_ALL=C $(INTLTOOL_MERGE) -x -u -c $(top_builddir)/po/.intltool-merge-cache $(top_srcdir)/po $< $@'
INTLTOOL_UPDATE='/usr/bin/intltool-update'
INTLTOOL_XAM_RULE='%.xam:       %.xml.in       $(INTLTOOL_MERGE) $(wildcard $(top_srcdir)/po/*.po) ; LC_ALL=C $(INTLTOOL_MERGE) -x -u -c $(top_builddir)/po/.intltool-merge-cache $(top_srcdir)/po $< $@'
INTLTOOL_XML_NOMERGE_RULE='%.xml:       %.xml.in       $(INTLTOOL_MERGE) ; LC_ALL=C $(INTLTOOL_MERGE) -x -u /tmp $< $@'
INTLTOOL_XML_RULE='%.xml:       %.xml.in       $(INTLTOOL_MERGE) $(wildcard $(top_srcdir)/po/*.po) ; LC_ALL=C $(INTLTOOL_MERGE) -x -u -c $(top_builddir)/po/.intltool-merge-cache $(top_srcdir)/po $< $@'
LD='/usr/bin/ld'
LDFLAGS=''
LIBOBJS=''
LIBS=''
LIBTOOL='$(SHELL) $(top_builddir)/libtool'
LIPO=''
LN_S='ln -s'
LTLIBOBJS=''
MAINT=''
MAINTAINER_MODE_FALSE='#'
MAINTAINER_MODE_TRUE=''
MAKEINFO='${SHELL} /home/aydin/muhafiz/missing --run makeinfo'
MKDIR_P='/bin/mkdir -p'
MKINSTALLDIRS='/home/aydin/muhafiz/mkinstalldirs'
MSGFMT='/usr/bin/msgfmt'
MSGFMT_OPTS='-c'
MSGMERGE='/usr/bin/msgmerge'
MUHAFIZ_CFLAGS='-pthread -I/usr/include/gtk-2.0 -I/usr/lib/gtk-2.0/include -I/usr/include/atk-1.0 -I/usr/include/cairo -I/usr/include/gdk-pixbuf-2.0 -I/usr/include/pango-1.0 -I/usr/include/glib-2.0 -I/usr/lib/glib-2.0/include -I/usr/include/pixman-1 -I/usr/include/freetype2 -I/usr/include/libpng12  '
MUHAFIZ_LIBS='-pthread -lgtk-x11-2.0 -lgdk-x11-2.0 -latk-1.0 -lgio-2.0 -lpangoft2-1.0 -lpangocairo-1.0 -lgdk_pixbuf-2.0 -lm -lcairo -lpng12 -lpango-1.0 -lfreetype -lfontconfig -lgobject-2.0 -lgmodule-2.0 -lgthread-2.0 -lrt -lglib-2.0  '
NM='/usr/bin/nm -B'
NMEDIT=''
OBJDUMP='objdump'
OBJEXT='o'
OTOOL64=''
OTOOL=''
PACKAGE='muhafiz'
PACKAGE_BUGREPORT=''
PACKAGE_NAME='muhafiz'
PACKAGE_STRING='muhafiz 0.1.1'
PACKAGE_TARNAME='muhafiz'
PACKAGE_URL=''
PACKAGE_VERSION='0.1.1'
PATH_SEPARATOR=':'
PKG_CONFIG='/usr/bin/pkg-config'
PKG_CONFIG_LIBDIR=''
PKG_CONFIG_PATH=''
POFILES=''
POSUB='po'
PO_IN_DATADIR_FALSE=''
PO_IN_DATADIR_TRUE=''
RANLIB='ranlib'
SED='/bin/sed'
SET_MAKE=''
SHELL='/bin/sh'
STRIP='strip'
USE_NLS='yes'
VERSION='0.1.1'
XGETTEXT='/usr/bin/xgettext'
ac_ct_CC='gcc'
ac_ct_DUMPBIN=''
am__EXEEXT_FALSE=''
am__EXEEXT_TRUE='#'
am__fastdepCC_FALSE='#'
am__fastdepCC_TRUE=''
am__include='include'
am__isrc=' -I$(srcdir)'
am__leading_dot='.'
am__quote=''
am__tar='${AMTAR} chof - "$$tardir"'
am__untar='${AMTAR} xf -'
bindir='${exec_prefix}/bin'
build='i686-pc-linux-gnu'
build_alias=''
build_cpu='i686'
build_os='linux-gnu'
build_vendor='pc'
datadir='${datarootdir}'
datarootdir='${prefix}/share'
docdir='${datarootdir}/doc/${PACKAGE_TARNAME}'
dvidir='${docdir}'
exec_prefix='${prefix}'
host='i686-pc-linux-gnu'
host_alias=''
host_cpu='i686'
host_os='linux-gnu'
host_vendor='pc'
htmldir='${docdir}'
includedir='${prefix}/include'
infodir='${datarootdir}/info'
install_sh='${SHELL} /home/aydin/muhafiz/install-sh'
libdir='${exec_prefix}/lib'
libexecdir='${exec_prefix}/libexec'
localedir='${datarootdir}/locale'
localstatedir='${prefix}/var'
mandir='${datarootdir}/man'
mkdir_p='/bin/mkdir -p'
oldincludedir='/usr/include'
pdfdir='${docdir}'
prefix='/usr/local'
program_transform_name='s,x,x,'
psdir='${docdir}'
sbindir='${exec_prefix}/sbin'
sharedstatedir='${prefix}/com'
sysconfdir='${prefix}/etc'
target_alias=''

## ----------- ##
## confdefs.h. ##
## ----------- ##

/* confdefs.h */
#define PACKAGE_NAME "muhafiz"
#define PACKAGE_TARNAME "muhafiz"
#define PACKAGE_VERSION "0.1.1"
#define PACKAGE_STRING "muhafiz 0.1.1"
#define PACKAGE_BUGREPORT ""
#define PACKAGE_URL ""
#define PACKAGE "muhafiz"
#define VERSION "0.1.1"
#define GETTEXT_PACKAGE "muhafiz"
#define STDC_HEADERS 1
#define HAVE_SYS_TYPES_H 1
#define HAVE_SYS_STAT_H 1
#define HAVE_STDLIB_H 1
#define HAVE_STRING_H 1
#define HAVE_MEMORY_H 1
#define HAVE_STRINGS_H 1
#define HAVE_INTTYPES_H 1
#define HAVE_STDINT_H 1
#define HAVE_UNISTD_H 1
#define HAVE_LOCALE_H 1
#define HAVE_LC_MESSAGES 1
#define HAVE_BIND_TEXTDOMAIN_CODESET 1
#define HAVE_GETTEXT 1
#define HAVE_DCGETTEXT 1
#define ENABLE_NLS 1
#define HAVE_DLFCN_H 1
#define LT_OBJDIR ".libs/"

configure: exit 0
